<?xml version="1.0" encoding="UTF-8"?>
<!-- Generated by org.testng.reporters.JUnitReportReporter -->
<testsuite hostname="LAPTOP-3D77BNTG" failures="0" tests="2" name="ecommerce.batch8Testing.NewTest" time="0.010" errors="0" timestamp="2023-12-21T08:36:54 AST" skipped="0">
  <testcase classname="ecommerce.batch8Testing.NewTest" name="aest2" time="0.001"/>
  <system-out/>
  <testcase classname="ecommerce.batch8Testing.NewTest" name="Test1" time="0.009"/>
  <system-out/>
</testsuite> <!-- ecommerce.batch8Testing.NewTest -->
